RUN	SolrQueryTraffic	solrquerytraffic	1545814412295	 	3.0.1
USER	Users	1	START	1545814445512	1545814445512
REQUEST	1		Search	1545814445568	1545814445922	OK	 
REQUEST	1		Search	1545814446059	1545814446216	OK	 
USER	Users	1	END	1545814445512	1545814446262
USER	Users	2	START	1545814446525	1545814446525
REQUEST	2		Search	1545814446526	1545814446755	OK	 
USER	Users	3	START	1545814447534	1545814447534
REQUEST	3		Search	1545814447535	1545814448233	OK	 
USER	Users	4	START	1545814448514	1545814448514
REQUEST	4		Search	1545814448515	1545814448950	OK	 
USER	Users	5	START	1545814449513	1545814449513
REQUEST	5		Search	1545814449515	1545814449654	OK	 
USER	Users	6	START	1545814450513	1545814450513
USER	Users	7	START	1545814451778	1545814451778
REQUEST	7		Search	1545814451779	1545814451913	OK	 
REQUEST	7		Search	1545814451919	1545814452235	OK	 
USER	Users	7	END	1545814451778	1545814452254
USER	Users	8	START	1545814452503	1545814452503
USER	Users	9	START	1545814453504	1545814453504
REQUEST	9		Search	1545814453505	1545814453720	OK	 
REQUEST	2		Search	1545814446762	1545814450227	OK	 
USER	Users	2	END	1545814446525	1545814453993
REQUEST	3		Search	1545814448326	1545814452263	OK	 
USER	Users	3	END	1545814447534	1545814454372
USER	Users	10	START	1545814454513	1545814454513
REQUEST	9		Search	1545814453745	1545814454496	OK	 
USER	Users	9	END	1545814453504	1545814454530
REQUEST	10		Search	1545814454514	1545814454576	OK	 
REQUEST	8		Search	1545814452504	1545814454722	OK	 
USER	Users	11	START	1545814455513	1545814455513
REQUEST	10		Search	1545814454578	1545814455481	OK	 
USER	Users	10	END	1545814454513	1545814455606
REQUEST	11		Search	1545814455514	1545814455622	OK	 
REQUEST	11		Search	1545814455625	1545814455695	OK	 
USER	Users	11	END	1545814455513	1545814455697
USER	Users	12	START	1545814456013	1545814456013
USER	Users	13	START	1545814456513	1545814456513
USER	Users	14	START	1545814458090	1545814458090
USER	Users	15	START	1545814458503	1545814458503
REQUEST	15		Search	1545814458505	1545814458679	OK	 
REQUEST	15		Search	1545814458689	1545814458763	OK	 
USER	Users	15	END	1545814458503	1545814458769
REQUEST	12		Search	1545814456014	1545814458342	OK	 
USER	Users	16	START	1545814459880	1545814459880
USER	Users	17	START	1545814460503	1545814460503
REQUEST	17		Search	1545814460504	1545814460630	OK	 
USER	Users	18	START	1545814461013	1545814461013
REQUEST	18		Search	1545814461015	1545814461171	OK	 
USER	Users	19	START	1545814461513	1545814461513
REQUEST	8		Search	1545814454889	1545814458364	OK	 
USER	Users	8	END	1545814452503	1545814461579
USER	Users	20	START	1545814462529	1545814462529
USER	Users	21	START	1545814463503	1545814463503
USER	Users	22	START	1545814464343	1545814464343
USER	Users	23	START	1545814464513	1545814464513
REQUEST	23		Search	1545814464514	1545814464824	OK	 
REQUEST	12		Search	1545814459032	1545814462621	OK	 
USER	Users	12	END	1545814456013	1545814465062
USER	Users	24	START	1545814465513	1545814465513
REQUEST	23		Search	1545814464879	1545814465496	OK	 
USER	Users	23	END	1545814464513	1545814465562
USER	Users	25	START	1545814466701	1545814466701
REQUEST	13		Search	1545814456514	1545814462093	OK	 
USER	Users	26	START	1545814467004	1545814467004
USER	Users	27	START	1545814467503	1545814467503
REQUEST	16		Search	1545814459881	1545814464948	OK	 
REQUEST	14		Search	1545814458091	1545814462815	OK	 
REQUEST	16		Search	1545814467902	1545814468462	OK	 
USER	Users	16	END	1545814459880	1545814468579
USER	Users	28	START	1545814468578	1545814468578
REQUEST	5		Search	1545814449660	1545814460528	OK	 
USER	Users	5	END	1545814449513	1545814469065
REQUEST	19		Search	1545814461514	1545814465576	OK	 
USER	Users	29	START	1545814469504	1545814469504
REQUEST	18		Search	1545814461184	1545814465901	OK	 
USER	Users	18	END	1545814461013	1545814469749
USER	Users	30	START	1545814470013	1545814470013
USER	Users	31	START	1545814470514	1545814470514
REQUEST	26		Search	1545814467005	1545814470077	OK	 
REQUEST	4		Search	1545814448987	1545814457468	OK	 
USER	Users	4	END	1545814448514	1545814470721
REQUEST	31		Search	1545814470515	1545814471457	OK	 
REQUEST	19		Search	1545814469388	1545814471458	OK	 
USER	Users	19	END	1545814461513	1545814471462
USER	Users	32	START	1545814471513	1545814471513
USER	Users	33	START	1545814472013	1545814472013
REQUEST	20		Search	1545814462530	1545814472022	OK	 
REQUEST	31		Search	1545814471460	1545814472389	OK	 
USER	Users	31	END	1545814470514	1545814472393
REQUEST	33		Search	1545814472017	1545814472414	OK	 
REQUEST	20		Search	1545814472031	1545814472462	OK	 
USER	Users	20	END	1545814462529	1545814472478
USER	Users	34	START	1545814472513	1545814472513
REQUEST	34		Search	1545814472514	1545814472962	OK	 
REQUEST	32		Search	1545814471514	1545814473051	OK	 
USER	Users	35	START	1545814473513	1545814473513
USER	Users	36	START	1545814474014	1545814474014
USER	Users	37	START	1545814474521	1545814474521
REQUEST	37		Search	1545814474522	1545814474771	OK	 
USER	Users	38	START	1545814475515	1545814475515
REQUEST	35		Search	1545814473515	1545814475602	OK	 
REQUEST	37		Search	1545814475080	1545814475826	OK	 
USER	Users	37	END	1545814474521	1545814475866
REQUEST	38		Search	1545814475518	1545814475860	OK	 
USER	Users	39	START	1545814476013	1545814476013
USER	Users	40	START	1545814476520	1545814476520
REQUEST	38		Search	1545814475870	1545814476576	OK	 
USER	Users	38	END	1545814475515	1545814476614
REQUEST	40		Search	1545814476529	1545814476782	OK	 
REQUEST	39		Search	1545814476051	1545814476937	OK	 
USER	Users	41	START	1545814477504	1545814477504
USER	Users	42	START	1545814478014	1545814478014
REQUEST	41		Search	1545814477508	1545814478471	OK	 
USER	Users	43	START	1545814478514	1545814478514
REQUEST	42		Search	1545814478017	1545814478625	OK	 
REQUEST	42		Search	1545814478628	1545814478868	OK	 
USER	Users	42	END	1545814478014	1545814478877
REQUEST	30		Search	1545814470014	1545814477245	OK	 
USER	Users	44	START	1545814479518	1545814479518
REQUEST	30		Search	1545814479333	1545814479747	OK	 
USER	Users	30	END	1545814470013	1545814479854
REQUEST	43		Search	1545814478516	1545814479453	OK	 
REQUEST	44		Search	1545814479520	1545814479883	OK	 
USER	Users	45	START	1545814480003	1545814480003
REQUEST	43		Search	1545814479858	1545814480375	OK	 
USER	Users	43	END	1545814478514	1545814480382
REQUEST	44		Search	1545814479940	1545814480378	OK	 
USER	Users	44	END	1545814479518	1545814480383
USER	Users	46	START	1545814480503	1545814480503
USER	Users	47	START	1545814481515	1545814481515
USER	Users	48	START	1545814482014	1545814482014
REQUEST	47		Search	1545814481517	1545814482177	OK	 
USER	Users	49	START	1545814482513	1545814482513
REQUEST	49		Search	1545814482524	1545814482742	OK	 
REQUEST	47		Search	1545814482193	1545814482525	OK	 
USER	Users	47	END	1545814481515	1545814482871
USER	Users	50	START	1545814483013	1545814483013
USER	Users	51	START	1545814488962	1545814488962
USER	Users	52	START	1545814488968	1545814488968
USER	Users	53	START	1545814488971	1545814488971
USER	Users	54	START	1545814488971	1545814488971
USER	Users	55	START	1545814488972	1545814488972
USER	Users	56	START	1545814488972	1545814488972
USER	Users	57	START	1545814488972	1545814488972
USER	Users	58	START	1545814488973	1545814488973
USER	Users	59	START	1545814488973	1545814488973
REQUEST	49		Search	1545814482767	1545814488962	OK	 
USER	Users	49	END	1545814482513	1545814488980
USER	Users	60	START	1545814489013	1545814489013
USER	Users	61	START	1545814489514	1545814489514
REQUEST	14		Search	1545814467973	1545814480600	OK	 
USER	Users	14	END	1545814458090	1545814489824
REQUEST	46		Search	1545814480506	1545814489824	OK	 
USER	Users	62	START	1545814490514	1545814490514
USER	Users	63	START	1545814491013	1545814491013
USER	Users	64	START	1545814491526	1545814491526
USER	Users	65	START	1545814492086	1545814492086
USER	Users	66	START	1545814492503	1545814492503
USER	Users	67	START	1545814493013	1545814493013
REQUEST	48		Search	1545814482016	1545814491429	OK	 
REQUEST	59		Search	1545814488978	1545814493347	OK	 
USER	Users	68	START	1545814493513	1545814493513
REQUEST	51		Search	1545814488975	1545814493597	OK	 
USER	Users	69	START	1545814494014	1545814494014
REQUEST	52		Search	1545814488975	1545814494216	OK	 
REQUEST	59		Search	1545814493357	1545814494379	OK	 
USER	Users	59	END	1545814488973	1545814494400
USER	Users	70	START	1545814494513	1545814494513
REQUEST	68		Search	1545814493519	1545814495013	OK	 
REQUEST	48		Search	1545814493308	1545814495327	OK	 
REQUEST	53		Search	1545814488976	1545814494619	OK	 
USER	Users	48	END	1545814482014	1545814495383
USER	Users	71	START	1545814495515	1545814495515
REQUEST	24		Search	1545814465514	1545814477418	OK	 
USER	Users	72	START	1545814496004	1545814496004
USER	Users	73	START	1545814496503	1545814496503
REQUEST	35		Search	1545814475679	1545814493948	OK	 
USER	Users	35	END	1545814473513	1545814496638
REQUEST	67		Search	1545814493017	1545814496638	OK	 
USER	Users	74	START	1545814497013	1545814497013
USER	Users	75	START	1545814497518	1545814497518
USER	Users	76	START	1545814498003	1545814498003
REQUEST	55		Search	1545814488976	1545814496859	OK	 
USER	Users	77	START	1545814498503	1545814498503
REQUEST	64		Search	1545814491527	1545814498653	OK	 
USER	Users	78	START	1545814499014	1545814499014
USER	Users	79	START	1545814499514	1545814499514
REQUEST	73		Search	1545814496504	1545814499755	OK	 
USER	Users	80	START	1545814500014	1545814500014
REQUEST	52		Search	1545814494322	1545814499156	OK	 
USER	Users	52	END	1545814488968	1545814500236
USER	Users	81	START	1545814500513	1545814500513
REQUEST	67		Search	1545814496641	1545814500650	OK	 
USER	Users	67	END	1545814493013	1545814500683
REQUEST	53		Search	1545814495383	1545814500158	OK	 
USER	Users	53	END	1545814488971	1545814500727
USER	Users	82	START	1545814501013	1545814501013
USER	Users	83	START	1545814501979	1545814501979
USER	Users	84	START	1545814502003	1545814502003
REQUEST	80		Search	1545814500015	1545814502099	OK	 
USER	Users	85	START	1545814502504	1545814502504
USER	Users	86	START	1545814503139	1545814503139
REQUEST	78		Search	1545814499015	1545814503143	OK	 
USER	Users	87	START	1545814503515	1545814503515
REQUEST	81		Search	1545814500518	1545814503872	OK	 
REQUEST	79		Search	1545814499519	1545814503909	OK	 
REQUEST	55		Search	1545814498333	1545814503969	OK	 
USER	Users	55	END	1545814488972	1545814503980
USER	Users	88	START	1545814504004	1545814504004
REQUEST	72		Search	1545814496005	1545814503622	OK	 
REQUEST	29		Search	1545814469506	1545814499456	OK	 
USER	Users	89	START	1545814504503	1545814504503
USER	Users	90	START	1545814505014	1545814505014
REQUEST	83		Search	1545814501981	1545814506091	OK	 
REQUEST	84		Search	1545814502004	1545814506045	OK	 
REQUEST	32		Search	1545814473196	1545814503139	OK	 
USER	Users	32	END	1545814471513	1545814506841
REQUEST	80		Search	1545814502105	1545814506843	OK	 
USER	Users	80	END	1545814500014	1545814506861
REQUEST	79		Search	1545814503926	1545814507479	OK	 
USER	Users	79	END	1545814499514	1545814507482
REQUEST	87		Search	1545814503518	1545814507424	OK	 
REQUEST	88		Search	1545814504005	1545814508513	OK	 
REQUEST	89		Search	1545814504506	1545814509242	OK	 
REQUEST	76		Search	1545814498005	1545814507288	OK	 
REQUEST	64		Search	1545814498722	1545814507594	OK	 
USER	Users	64	END	1545814491526	1545814509939
REQUEST	22		Search	1545814464346	1545814482650	OK	 
REQUEST	6		Search	1545814450515	1545814510516	KO	i.g.h.c.i.RequestTimeoutException: Request timeout to localhost/127.0.0.1:8983 after 60000 ms
REQUEST	90		Search	1545814505025	1545814510809	OK	 
REQUEST	86		Search	1545814503141	1545814513035	OK	 
REQUEST	76		Search	1545814509564	1545814513214	OK	 
USER	Users	76	END	1545814498003	1545814513226
REQUEST	88		Search	1545814508565	1545814513321	OK	 
USER	Users	88	END	1545814504004	1545814513518
REQUEST	36		Search	1545814474016	1545814512808	OK	 
REQUEST	17		Search	1545814460646	1545814520649	KO	i.g.h.c.i.RequestTimeoutException: Request timeout to localhost/0:0:0:0:0:0:0:1:8983 after 60000 ms
USER	Users	17	END	1545814460503	1545814520664
REQUEST	36		Search	1545814515456	1545814524892	OK	 
USER	Users	36	END	1545814474014	1545814524941
REQUEST	85		Search	1545814502506	1545814525121	OK	 
REQUEST	25		Search	1545814466702	1545814526711	KO	i.g.h.c.i.RequestTimeoutException: Request timeout to localhost/127.0.0.1:8983 after 60000 ms
REQUEST	13		Search	1545814466811	1545814526812	KO	i.g.h.c.i.RequestTimeoutException: Request timeout to localhost/0:0:0:0:0:0:0:1:8983 after 60000 ms
USER	Users	13	END	1545814456513	1545814526814
REQUEST	27		Search	1545814467504	1545814527510	KO	i.g.h.c.i.RequestTimeoutException: Request timeout to localhost/127.0.0.1:8983 after 60000 ms
REQUEST	28		Search	1545814468580	1545814528580	KO	i.g.h.c.i.RequestTimeoutException: Request timeout to localhost/0:0:0:0:0:0:0:1:8983 after 60000 ms
REQUEST	86		Search	1545814513042	1545814528907	OK	 
USER	Users	86	END	1545814503139	1545814529051
REQUEST	21		Search	1545814463504	1545814529069	KO	i.g.h.c.i.RequestTimeoutException: Request timeout to localhost/127.0.0.1:8983 after 60000 ms
REQUEST	65		Search	1545814492090	1545814528661	OK	 
REQUEST	70		Search	1545814494514	1545814529386	OK	 
REQUEST	26		Search	1545814470650	1545814530651	KO	i.g.h.c.i.RequestTimeoutException: Request timeout to localhost/0:0:0:0:0:0:0:1:8983 after 60000 ms
USER	Users	26	END	1545814467004	1545814530668
REQUEST	56		Search	1545814488977	1545814530300	OK	 
REQUEST	85		Search	1545814526588	1545814531674	OK	 
USER	Users	85	END	1545814502504	1545814531692
REQUEST	33		Search	1545814472425	1545814532426	KO	i.g.h.c.i.RequestTimeoutException: Request timeout to localhost/127.0.0.1:8983 after 60000 ms
USER	Users	33	END	1545814472013	1545814532435
REQUEST	65		Search	1545814529877	1545814532549	OK	 
USER	Users	65	END	1545814492086	1545814532564
REQUEST	28		Search	1545814528590	1545814532753	OK	 
USER	Users	28	END	1545814468578	1545814532766
REQUEST	34		Search	1545814472972	1545814532972	KO	i.g.h.c.i.RequestTimeoutException: Request timeout to localhost/0:0:0:0:0:0:0:1:8983 after 60000 ms
USER	Users	34	END	1545814472513	1545814533093
REQUEST	27		Search	1545814527523	1545814533843	OK	 
USER	Users	27	END	1545814467503	1545814533892
REQUEST	70		Search	1545814529959	1545814534255	OK	 
USER	Users	70	END	1545814494513	1545814534270
REQUEST	45		Search	1545814480004	1545814531632	OK	 
REQUEST	40		Search	1545814476790	1545814531501	OK	 
USER	Users	40	END	1545814476520	1545814536028
REQUEST	56		Search	1545814531374	1545814536030	OK	 
USER	Users	56	END	1545814488972	1545814536032
REQUEST	39		Search	1545814477014	1545814537018	KO	i.g.h.c.i.RequestTimeoutException: Request timeout to localhost/127.0.0.1:8983 after 60000 ms
USER	Users	39	END	1545814476013	1545814537038
REQUEST	41		Search	1545814478479	1545814538479	KO	i.g.h.c.i.RequestTimeoutException: Request timeout to localhost/127.0.0.1:8983 after 60000 ms
USER	Users	41	END	1545814477504	1545814538488
REQUEST	50		Search	1545814483015	1545814543017	KO	i.g.h.c.i.RequestTimeoutException: Request timeout to localhost/0:0:0:0:0:0:0:1:8983 after 60000 ms
REQUEST	90		Search	1545814511581	1545814540380	OK	 
USER	Users	90	END	1545814505014	1545814543083
REQUEST	24		Search	1545814495681	1545814539581	OK	 
USER	Users	24	END	1545814465513	1545814544090
REQUEST	60		Search	1545814489014	1545814539436	OK	 
REQUEST	58		Search	1545814488977	1545814548979	KO	i.g.h.c.i.RequestTimeoutException: Request timeout to localhost/0:0:0:0:0:0:0:1:8983 after 60000 ms
REQUEST	57		Search	1545814488977	1545814548979	KO	i.g.h.c.i.RequestTimeoutException: Request timeout to localhost/127.0.0.1:8983 after 60000 ms
REQUEST	61		Search	1545814489515	1545814549518	KO	i.g.h.c.i.RequestTimeoutException: Request timeout to localhost/0:0:0:0:0:0:0:1:8983 after 60000 ms
REQUEST	46		Search	1545814489836	1545814549841	KO	i.g.h.c.i.RequestTimeoutException: Request timeout to localhost/0:0:0:0:0:0:0:1:8983 after 60000 ms
USER	Users	46	END	1545814480503	1545814549846
REQUEST	62		Search	1545814490516	1545814550520	KO	i.g.h.c.i.RequestTimeoutException: Request timeout to localhost/127.0.0.1:8983 after 60000 ms
REQUEST	63		Search	1545814491015	1545814551020	KO	i.g.h.c.i.RequestTimeoutException: Request timeout to localhost/0:0:0:0:0:0:0:1:8983 after 60000 ms
REQUEST	66		Search	1545814492506	1545814552511	KO	i.g.h.c.i.RequestTimeoutException: Request timeout to localhost/0:0:0:0:0:0:0:1:8983 after 60000 ms
REQUEST	51		Search	1545814493604	1545814553604	KO	i.g.h.c.i.RequestTimeoutException: Request timeout to localhost/127.0.0.1:8983 after 60000 ms
USER	Users	51	END	1545814488962	1545814553606
REQUEST	69		Search	1545814494015	1545814554016	KO	i.g.h.c.i.RequestTimeoutException: Request timeout to localhost/127.0.0.1:8983 after 60000 ms
REQUEST	68		Search	1545814495022	1545814555023	KO	i.g.h.c.i.RequestTimeoutException: Request timeout to localhost/127.0.0.1:8983 after 60000 ms
USER	Users	68	END	1545814493513	1545814555025
REQUEST	71		Search	1545814495521	1545814555523	KO	i.g.h.c.i.RequestTimeoutException: Request timeout to localhost/127.0.0.1:8983 after 60000 ms
REQUEST	74		Search	1545814497015	1545814557017	KO	i.g.h.c.i.RequestTimeoutException: Request timeout to localhost/0:0:0:0:0:0:0:1:8983 after 60000 ms
REQUEST	75		Search	1545814497519	1545814557522	KO	i.g.h.c.i.RequestTimeoutException: Request timeout to localhost/0:0:0:0:0:0:0:1:8983 after 60000 ms
REQUEST	77		Search	1545814498508	1545814558512	KO	i.g.h.c.i.RequestTimeoutException: Request timeout to localhost/127.0.0.1:8983 after 60000 ms
REQUEST	73		Search	1545814499772	1545814559777	KO	i.g.h.c.i.RequestTimeoutException: Request timeout to localhost/127.0.0.1:8983 after 60000 ms
USER	Users	73	END	1545814496503	1545814559805
REQUEST	82		Search	1545814501015	1545814561019	KO	i.g.h.c.i.RequestTimeoutException: Request timeout to localhost/0:0:0:0:0:0:0:1:8983 after 60000 ms
REQUEST	78		Search	1545814503161	1545814563167	KO	i.g.h.c.i.RequestTimeoutException: Request timeout to localhost/0:0:0:0:0:0:0:1:8983 after 60000 ms
USER	Users	78	END	1545814499014	1545814563175
REQUEST	81		Search	1545814503876	1545814563881	KO	i.g.h.c.i.RequestTimeoutException: Request timeout to localhost/127.0.0.1:8983 after 60000 ms
USER	Users	81	END	1545814500513	1545814563882
REQUEST	72		Search	1545814504098	1545814564102	KO	i.g.h.c.i.RequestTimeoutException: Request timeout to localhost/127.0.0.1:8983 after 60000 ms
USER	Users	72	END	1545814496004	1545814564103
REQUEST	29		Search	1545814504138	1545814564140	KO	i.g.h.c.i.RequestTimeoutException: Request timeout to localhost/0:0:0:0:0:0:0:1:8983 after 60000 ms
USER	Users	29	END	1545814469504	1545814564141
REQUEST	83		Search	1545814506249	1545814566422	KO	i.g.h.c.i.RequestTimeoutException: Request timeout to localhost/0:0:0:0:0:0:0:1:8983 after 60000 ms
USER	Users	83	END	1545814501979	1545814566422
REQUEST	84		Search	1545814506464	1545814566468	KO	i.g.h.c.i.RequestTimeoutException: Request timeout to localhost/0:0:0:0:0:0:0:1:8983 after 60000 ms
USER	Users	84	END	1545814502003	1545814566469
REQUEST	87		Search	1545814507497	1545814567501	KO	i.g.h.c.i.RequestTimeoutException: Request timeout to localhost/0:0:0:0:0:0:0:1:8983 after 60000 ms
USER	Users	87	END	1545814503515	1545814567502
REQUEST	89		Search	1545814509272	1545814569273	KO	i.g.h.c.i.RequestTimeoutException: Request timeout to localhost/0:0:0:0:0:0:0:1:8983 after 60000 ms
USER	Users	89	END	1545814504503	1545814569273
REQUEST	54		Search	1545814488976	1545814570211	KO	i.g.h.c.i.RequestTimeoutException: Request timeout to localhost/127.0.0.1:8983 after 60000 ms
REQUEST	22		Search	1545814510208	1545814570222	KO	i.g.h.c.i.RequestTimeoutException: Request timeout to localhost/0:0:0:0:0:0:0:1:8983 after 60000 ms
USER	Users	22	END	1545814464343	1545814570222
REQUEST	6		Search	1545814510652	1545814570656	KO	i.g.h.c.i.RequestTimeoutException: Request timeout to localhost/127.0.0.1:8983 after 60000 ms
USER	Users	6	END	1545814450513	1545814570656
REQUEST	60		Search	1545814544456	1545814575224	OK	 
USER	Users	60	END	1545814489013	1545814575288
REQUEST	77		Search	1545814558513	1545814577278	OK	 
USER	Users	77	END	1545814498503	1545814577323
REQUEST	61		Search	1545814549524	1545814577598	OK	 
USER	Users	61	END	1545814489514	1545814577656
REQUEST	75		Search	1545814557524	1545814578179	OK	 
USER	Users	75	END	1545814497518	1545814578207
REQUEST	62		Search	1545814550523	1545814578221	OK	 
USER	Users	62	END	1545814490514	1545814578264
REQUEST	74		Search	1545814557023	1545814578620	OK	 
USER	Users	74	END	1545814497013	1545814578760
REQUEST	54		Search	1545814570216	1545814581266	OK	 
USER	Users	54	END	1545814488971	1545814584055
REQUEST	82		Search	1545814561021	1545814581401	OK	 
USER	Users	82	END	1545814501013	1545814585242
REQUEST	25		Search	1545814526716	1545814586718	KO	i.g.h.c.i.RequestTimeoutException: Request timeout to localhost/127.0.0.1:8983 after 60000 ms
USER	Users	25	END	1545814466701	1545814586760
REQUEST	71		Search	1545814555525	1545814587704	OK	 
USER	Users	71	END	1545814495515	1545814588150
REQUEST	21		Search	1545814529088	1545814589094	KO	i.g.h.c.i.RequestTimeoutException: Request timeout to localhost/127.0.0.1:8983 after 60000 ms
USER	Users	21	END	1545814463503	1545814589112
REQUEST	66		Search	1545814552514	1545814589061	OK	 
USER	Users	66	END	1545814492503	1545814590440
REQUEST	45		Search	1545814534992	1545814594996	KO	i.g.h.c.i.RequestTimeoutException: Request timeout to localhost/0:0:0:0:0:0:0:1:8983 after 60000 ms
USER	Users	45	END	1545814480003	1545814595006
REQUEST	50		Search	1545814543030	1545814597187	OK	 
USER	Users	50	END	1545814483013	1545814599012
REQUEST	57		Search	1545814548995	1545814597187	OK	 
USER	Users	57	END	1545814488972	1545814599219
REQUEST	63		Search	1545814551023	1545814603483	OK	 
USER	Users	63	END	1545814491013	1545814607136
REQUEST	58		Search	1545814548994	1545814608997	KO	i.g.h.c.i.RequestTimeoutException: Request timeout to localhost/0:0:0:0:0:0:0:1:8983 after 60000 ms
USER	Users	58	END	1545814488973	1545814609006
REQUEST	69		Search	1545814554018	1545814612848	OK	 
USER	Users	69	END	1545814494014	1545814613982
